<?xml version="1.0" encoding="UTF-8"?>
<testng-results ignored="0" total="1" passed="1" failed="0" skipped="0">
  <reporter-output>
  </reporter-output>
  <suite started-at="2023-07-17T02:38:05Z" name="Default suite" finished-at="2023-07-17T02:38:46Z" duration-ms="40565">
    <groups>
    </groups>
    <test started-at="2023-07-17T02:38:05Z" name="Default test" finished-at="2023-07-17T02:38:46Z" duration-ms="40565">
      <class name="com.project.component.GetStarted">
        <test-method is-config="true" signature="openBrowser()[pri:0, instance:com.project.component.GetStarted@6a55299e]" started-at="2023-07-17T02:37:59Z" name="openBrowser" finished-at="2023-07-17T02:38:05Z" duration-ms="6462" status="PASS">
          <reporter-output>
          </reporter-output>
        </test-method> <!-- openBrowser -->
        <test-method signature="GetStarted()[pri:0, instance:com.project.component.GetStarted@6a55299e]" started-at="2023-07-17T02:38:05Z" name="GetStarted" finished-at="2023-07-17T02:38:46Z" duration-ms="40494" status="PASS">
          <reporter-output>
          </reporter-output>
        </test-method> <!-- GetStarted -->
      </class> <!-- com.project.component.GetStarted -->
    </test> <!-- Default test -->
  </suite> <!-- Default suite -->
</testng-results>
